2023-03-04 11:05:02 0 [Note] InnoDB: Mutexes and rw_locks use Windows interlocked functions
2023-03-04 11:05:02 0 [Note] InnoDB: Uses event mutexes
2023-03-04 11:05:02 0 [Note] InnoDB: Compressed tables use zlib 1.2.12
2023-03-04 11:05:02 0 [Note] InnoDB: Number of pools: 1
2023-03-04 11:05:02 0 [Note] InnoDB: Using SSE2 crc32 instructions
2023-03-04 11:05:02 0 [Note] InnoDB: Initializing buffer pool, total size = 16M, instances = 1, chunk size = 16M
2023-03-04 11:05:02 0 [Note] InnoDB: Completed initialization of buffer pool
2023-03-04 11:05:02 0 [Note] InnoDB: Starting crash recovery from checkpoint LSN=300288
2023-03-04 11:05:03 0 [Note] InnoDB: 128 out of 128 rollback segments are active.
2023-03-04 11:05:03 0 [Note] InnoDB: Removed temporary tablespace data file: "ibtmp1"
2023-03-04 11:05:03 0 [Note] InnoDB: Creating shared tablespace for temporary tables
2023-03-04 11:05:03 0 [Note] InnoDB: Setting file 'C:\xampp\mysql\data\ibtmp1' size to 12 MB. Physically writing the file full; Please wait ...
2023-03-04 11:05:03 0 [Note] InnoDB: File 'C:\xampp\mysql\data\ibtmp1' size is now 12 MB.
2023-03-04 11:05:03 0 [Note] InnoDB: Waiting for purge to start
2023-03-04 11:05:03 0 [Note] InnoDB: 10.4.27 started; log sequence number 300297; transaction id 170
2023-03-04 11:05:03 0 [Note] InnoDB: Loading buffer pool(s) from C:\xampp\mysql\data\ib_buffer_pool
2023-03-04 11:05:03 0 [Note] Plugin 'FEEDBACK' is disabled.
2023-03-04 11:05:03 0 [Note] Server socket created on IP: '::'.
2023-03-04 12:21:04 0 [Note] InnoDB: Mutexes and rw_locks use Windows interlocked functions
2023-03-04 12:21:04 0 [Note] InnoDB: Uses event mutexes
2023-03-04 12:21:04 0 [Note] InnoDB: Compressed tables use zlib 1.2.12
2023-03-04 12:21:04 0 [Note] InnoDB: Number of pools: 1
2023-03-04 12:21:04 0 [Note] InnoDB: Using SSE2 crc32 instructions
2023-03-04 12:21:04 0 [Note] InnoDB: Initializing buffer pool, total size = 16M, instances = 1, chunk size = 16M
2023-03-04 12:21:04 0 [Note] InnoDB: Completed initialization of buffer pool
2023-03-04 12:21:04 0 [Note] InnoDB: Starting crash recovery from checkpoint LSN=313589
2023-03-04 12:21:05 0 [Note] InnoDB: 128 out of 128 rollback segments are active.
2023-03-04 12:21:05 0 [Note] InnoDB: Removed temporary tablespace data file: "ibtmp1"
2023-03-04 12:21:05 0 [Note] InnoDB: Creating shared tablespace for temporary tables
2023-03-04 12:21:05 0 [Note] InnoDB: Setting file 'C:\xampp\mysql\data\ibtmp1' size to 12 MB. Physically writing the file full; Please wait ...
2023-03-04 12:21:05 0 [Note] InnoDB: File 'C:\xampp\mysql\data\ibtmp1' size is now 12 MB.
2023-03-04 12:21:05 0 [Note] InnoDB: Waiting for purge to start
2023-03-04 12:21:05 0 [Note] InnoDB: 10.4.27 started; log sequence number 313598; transaction id 226
2023-03-04 12:21:05 0 [Note] InnoDB: Loading buffer pool(s) from C:\xampp\mysql\data\ib_buffer_pool
2023-03-04 12:21:05 0 [Note] Plugin 'FEEDBACK' is disabled.
2023-03-04 12:21:05 0 [Note] Server socket created on IP: '::'.
2023-03-05 13:29:20 0 [Note] InnoDB: Mutexes and rw_locks use Windows interlocked functions
2023-03-05 13:29:20 0 [Note] InnoDB: Uses event mutexes
2023-03-05 13:29:20 0 [Note] InnoDB: Compressed tables use zlib 1.2.12
2023-03-05 13:29:20 0 [Note] InnoDB: Number of pools: 1
2023-03-05 13:29:20 0 [Note] InnoDB: Using SSE2 crc32 instructions
2023-03-05 13:29:20 0 [Note] InnoDB: Initializing buffer pool, total size = 16M, instances = 1, chunk size = 16M
2023-03-05 13:29:20 0 [Note] InnoDB: Completed initialization of buffer pool
2023-03-05 13:29:20 0 [Note] InnoDB: Starting crash recovery from checkpoint LSN=400021
2023-03-05 13:29:20 0 [Note] InnoDB: 128 out of 128 rollback segments are active.
2023-03-05 13:29:20 0 [Note] InnoDB: Removed temporary tablespace data file: "ibtmp1"
2023-03-05 13:29:20 0 [Note] InnoDB: Creating shared tablespace for temporary tables
2023-03-05 13:29:20 0 [Note] InnoDB: Setting file 'C:\xampp\mysql\data\ibtmp1' size to 12 MB. Physically writing the file full; Please wait ...
2023-03-05 13:29:20 0 [Note] InnoDB: File 'C:\xampp\mysql\data\ibtmp1' size is now 12 MB.
2023-03-05 13:29:20 0 [Note] InnoDB: Waiting for purge to start
2023-03-05 13:29:20 0 [Note] InnoDB: 10.4.27 started; log sequence number 400030; transaction id 430
2023-03-05 13:29:20 0 [Note] InnoDB: Loading buffer pool(s) from C:\xampp\mysql\data\ib_buffer_pool
2023-03-05 13:29:20 0 [Note] Plugin 'FEEDBACK' is disabled.
2023-03-05 13:29:20 0 [Note] InnoDB: Buffer pool(s) load completed at 230305 13:29:20
2023-03-05 13:29:20 0 [Note] Server socket created on IP: '::'.
2023-03-05 22:15:40 0 [Note] InnoDB: Mutexes and rw_locks use Windows interlocked functions
2023-03-05 22:15:40 0 [Note] InnoDB: Uses event mutexes
2023-03-05 22:15:40 0 [Note] InnoDB: Compressed tables use zlib 1.2.12
2023-03-05 22:15:40 0 [Note] InnoDB: Number of pools: 1
2023-03-05 22:15:40 0 [Note] InnoDB: Using SSE2 crc32 instructions
2023-03-05 22:15:40 0 [Note] InnoDB: Initializing buffer pool, total size = 16M, instances = 1, chunk size = 16M
2023-03-05 22:15:40 0 [Note] InnoDB: Completed initialization of buffer pool
2023-03-05 22:15:40 0 [Note] InnoDB: Starting crash recovery from checkpoint LSN=400039
2023-03-05 22:15:40 0 [Note] InnoDB: 128 out of 128 rollback segments are active.
2023-03-05 22:15:40 0 [Note] InnoDB: Removed temporary tablespace data file: "ibtmp1"
2023-03-05 22:15:40 0 [Note] InnoDB: Creating shared tablespace for temporary tables
2023-03-05 22:15:40 0 [Note] InnoDB: Setting file 'C:\xampp\mysql\data\ibtmp1' size to 12 MB. Physically writing the file full; Please wait ...
2023-03-05 22:15:40 0 [Note] InnoDB: File 'C:\xampp\mysql\data\ibtmp1' size is now 12 MB.
2023-03-05 22:15:40 0 [Note] InnoDB: Waiting for purge to start
2023-03-05 22:15:40 0 [Note] InnoDB: 10.4.27 started; log sequence number 400048; transaction id 430
2023-03-05 22:15:40 0 [Note] InnoDB: Loading buffer pool(s) from C:\xampp\mysql\data\ib_buffer_pool
2023-03-05 22:15:40 0 [Note] Plugin 'FEEDBACK' is disabled.
2023-03-05 22:15:40 0 [Note] InnoDB: Buffer pool(s) load completed at 230305 22:15:40
2023-03-05 22:15:40 0 [Note] Server socket created on IP: '::'.
2023-03-08  0:14:18 0 [Note] InnoDB: Mutexes and rw_locks use Windows interlocked functions
2023-03-08  0:14:18 0 [Note] InnoDB: Uses event mutexes
2023-03-08  0:14:18 0 [Note] InnoDB: Compressed tables use zlib 1.2.12
2023-03-08  0:14:18 0 [Note] InnoDB: Number of pools: 1
2023-03-08  0:14:18 0 [Note] InnoDB: Using SSE2 crc32 instructions
2023-03-08  0:14:18 0 [Note] InnoDB: Initializing buffer pool, total size = 16M, instances = 1, chunk size = 16M
2023-03-08  0:14:18 0 [Note] InnoDB: Completed initialization of buffer pool
2023-03-08  0:14:18 0 [Note] InnoDB: Starting crash recovery from checkpoint LSN=400057
2023-03-08  0:14:18 0 [Note] InnoDB: 128 out of 128 rollback segments are active.
2023-03-08  0:14:18 0 [Note] InnoDB: Removed temporary tablespace data file: "ibtmp1"
2023-03-08  0:14:18 0 [Note] InnoDB: Creating shared tablespace for temporary tables
2023-03-08  0:14:18 0 [Note] InnoDB: Setting file 'C:\xampp\mysql\data\ibtmp1' size to 12 MB. Physically writing the file full; Please wait ...
2023-03-08  0:14:18 0 [Note] InnoDB: File 'C:\xampp\mysql\data\ibtmp1' size is now 12 MB.
2023-03-08  0:14:18 0 [Note] InnoDB: Waiting for purge to start
2023-03-08  0:14:18 0 [Note] InnoDB: 10.4.27 started; log sequence number 400066; transaction id 430
2023-03-08  0:14:18 0 [Note] InnoDB: Loading buffer pool(s) from C:\xampp\mysql\data\ib_buffer_pool
2023-03-08  0:14:18 0 [Note] Plugin 'FEEDBACK' is disabled.
2023-03-08  0:14:18 0 [Note] InnoDB: Buffer pool(s) load completed at 230308  0:14:18
2023-03-08  0:14:19 0 [Note] Server socket created on IP: '::'.
