11:04:57  [main] 	Initialisere Control Panel
11:04:57  [main] 	Windows Version:  Enterprise  64-bit
11:04:57  [main] 	XAMPP Version: 8.2.0
11:04:57  [main] 	Control Panel Version: 3.3.0  [ Compiled: Apr 6th 2021 ]
11:04:57  [main] 	Dein Benutzerprofil besitzt keine Administratorenrechte! Das reicht aus für die meisten
11:04:57  [main] 	Anwendungsfunktionen, aber wann immer du etwas mit Windows-Diensten tun möchtest,
11:04:57  [main] 	wird eine Sicherheitsabfrage erscheinen oder etwas wird garnicht erst funktionieren!
11:04:57  [main] 	Also denke daran diese Anwendung mit Administratorrechten zu starten!
11:04:57  [main] 	XAMPP Installationsverzeichnis: "c:\xampp\"
11:04:57  [main] 	Voraussetzungen werden geprüft
11:04:57  [main] 	Alle Voraussetzungen sind erfüllt
11:04:57  [main] 	Initialisiere Module
11:04:57  [main] 	Starte Check-Timer
11:04:57  [main] 	Control Panel bereit
11:05:02  [Apache] 	Versuche Apache zu starten...
11:05:02  [Apache] 	Statusänderung erkannt: gestartet
11:05:02  [mysql] 	Versuche MySQL zu starten...
11:05:02  [mysql] 	Statusänderung erkannt: gestartet
11:08:16  [main] 	Führe aus: "c:\xampp\"
12:20:58  [Apache] 	stoppe Modul Apache (PID: 12696)
12:20:58  [Apache] 	stoppe Modul Apache (PID: 7312)
12:20:58  [Apache] 	Statusänderung erkannt: gestoppt
12:20:58  [mysql] 	Versuche MySQL zu beenden...
12:20:59  [mysql] 	Statusänderung erkannt: gestoppt
12:21:04  [Apache] 	Versuche Apache zu starten...
12:21:04  [Apache] 	Statusänderung erkannt: gestartet
12:21:04  [mysql] 	Versuche MySQL zu starten...
12:21:04  [mysql] 	Statusänderung erkannt: gestartet
14:09:25  [main] 	Deinitialisiere Module
14:09:25  [main] 	Deinitialisiere Control Panel

22:15:31  [main] 	Initialisere Control Panel
22:15:31  [main] 	Windows Version:  Enterprise  64-bit
22:15:31  [main] 	XAMPP Version: 8.2.0
22:15:31  [main] 	Control Panel Version: 3.3.0  [ Compiled: Apr 6th 2021 ]
22:15:31  [main] 	Dein Benutzerprofil besitzt keine Administratorenrechte! Das reicht aus für die meisten
22:15:31  [main] 	Anwendungsfunktionen, aber wann immer du etwas mit Windows-Diensten tun möchtest,
22:15:31  [main] 	wird eine Sicherheitsabfrage erscheinen oder etwas wird garnicht erst funktionieren!
22:15:31  [main] 	Also denke daran diese Anwendung mit Administratorrechten zu starten!
22:15:31  [main] 	XAMPP Installationsverzeichnis: "c:\xampp\"
22:15:31  [main] 	Voraussetzungen werden geprüft
22:15:37  [main] 	Alle Voraussetzungen sind erfüllt
22:15:37  [main] 	Initialisiere Module
22:15:37  [main] 	Starte Check-Timer
22:15:37  [main] 	Control Panel bereit
22:15:39  [Apache] 	Versuche Apache zu starten...
22:15:39  [Apache] 	Statusänderung erkannt: gestartet
22:15:39  [mysql] 	Versuche MySQL zu starten...
22:15:40  [mysql] 	Statusänderung erkannt: gestartet
6:00:57  [main] 	Deinitialisiere Module
6:00:57  [main] 	Deinitialisiere Control Panel

